<?xml version="1.0" encoding="UTF-8"?>
<!-- Generated by org.testng.reporters.JUnitReportReporter -->
<testsuite hostname="LAPTOP-ACKL0PJI" failures="0" tests="4" name="StepDefenition.TestContact" time="23.529" errors="0" timestamp="2024-06-10T00:34:03 BST" skipped="0">
  <testcase classname="StepDefenition.TestContact" name="clickContactLink" time="0.350"/>
  <system-out/>
  <testcase classname="StepDefenition.TestContact" name="submitContactFormSuccessfully" time="11.118"/>
  <system-out/>
  <testcase classname="StepDefenition.TestContact" name="InvalidEmail" time="10.783"/>
  <system-out/>
  <testcase classname="StepDefenition.TestContact" name="BlankForm" time="1.278"/>
  <system-out/>
</testsuite> <!-- StepDefenition.TestContact -->
