<?xml version="1.0" encoding="UTF-8"?>
<!-- Generated by org.testng.reporters.JUnitReportReporter -->
<testsuite hostname="DESKTOP-O7N67F6" failures="0" tests="3" name="StepDefenition.TestRegList" time="94.152" errors="0" timestamp="2024-06-10T10:14:21 IST" skipped="0">
  <testcase classname="StepDefenition.TestRegList" name="testRegistrationIncreasesCount" time="51.396"/>
  <system-out/>
  <testcase classname="StepDefenition.TestRegList" name="viewRegList" time="31.172"/>
  <system-out/>
  <testcase classname="StepDefenition.TestRegList" name="downloadFile" time="11.584"/>
  <system-out/>
</testsuite> <!-- StepDefenition.TestRegList -->
