<?xml version="1.0" encoding="UTF-8"?>
<!-- Generated by org.testng.reporters.JUnitReportReporter -->
<testsuite hostname="LAPTOP-ACKL0PJI" failures="0" tests="4" name="StepDefenition.TestLogin" time="16.248" errors="0" timestamp="2024-06-10T00:59:45 BST" skipped="0">
  <testcase classname="StepDefenition.TestLogin" name="poslogin" time="2.558"/>
  <system-out/>
  <testcase classname="StepDefenition.TestLogin" name="negInvalidCredentials" time="4.618"/>
  <system-out/>
  <testcase classname="StepDefenition.TestLogin" name="poslogin2" time="4.603"/>
  <system-out/>
  <testcase classname="StepDefenition.TestLogin" name="blankCredentials" time="4.469"/>
  <system-out/>
</testsuite> <!-- StepDefenition.TestLogin -->
