<?xml version="1.0" encoding="UTF-8"?>
<!-- Generated by org.testng.reporters.JUnitReportReporter -->
<testsuite hostname="DESKTOP-O7N67F6" failures="0" tests="2" name="StepDefenition.TestCourses" time="62.041" errors="0" timestamp="2024-06-10T10:14:21 IST" skipped="0">
  <testcase classname="StepDefenition.TestCourses" name="searchCourses" time="31.980"/>
  <system-out/>
  <testcase classname="StepDefenition.TestCourses" name="searchCourses" time="30.061"/>
  <system-out/>
</testsuite> <!-- StepDefenition.TestCourses -->
