<?xml version="1.0" encoding="UTF-8"?>
<!-- Generated by org.testng.reporters.JUnitReportReporter -->
<testsuite hostname="DESKTOP-08Q54VT" failures="0" tests="1" name="org.ict.pages.TestPartnershipReg" time="30.550" errors="0" timestamp="2024-06-09T00:21:02 GMT-07:00" skipped="0">
  <testcase classname="org.ict.pages.TestPartnershipReg" name="partnership_reg" time="30.550"/>
  <system-out/>
</testsuite> <!-- org.ict.pages.TestPartnershipReg -->
